<?xml version="1.0" encoding="utf-8"?><testsuites name="pytest tests"><testsuite name="pytest" errors="0" failures="0" skipped="0" tests="24" time="2.562" timestamp="2026-01-21T04:33:55.934245+00:00" hostname="agent-env-76e3187e-2adf-4e88-82ba-b042deb51d38"><testcase classname="tests.test_pubgame_api.TestHealthEndpoints" name="test_api_root" time="0.071" /><testcase classname="tests.test_pubgame_api.TestHealthEndpoints" name="test_health_check" time="0.036" /><testcase classname="tests.test_pubgame_api.TestGameFormats" name="test_get_all_formats" time="0.034" /><testcase classname="tests.test_pubgame_api.TestGamesCRUD" name="test_get_all_games" time="0.038" /><testcase classname="tests.test_pubgame_api.TestGamesCRUD" name="test_create_game" time="0.102" /><testcase classname="tests.test_pubgame_api.TestGamesCRUD" name="test_get_game_by_code" time="0.112" /><testcase classname="tests.test_pubgame_api.TestGamesCRUD" name="test_get_game_by_code_not_found" time="0.037" /><testcase classname="tests.test_pubgame_api.TestGamesCRUD" name="test_delete_game" time="0.105" /><testcase classname="tests.test_pubgame_api.TestGameLifecycle" name="test_start_game" time="0.127" /><testcase classname="tests.test_pubgame_api.TestGameLifecycle" name="test_pause_game" time="0.142" /><testcase classname="tests.test_pubgame_api.TestGameLifecycle" name="test_resume_game" time="0.160" /><testcase classname="tests.test_pubgame_api.TestGameLifecycle" name="test_finish_game" time="0.130" /><testcase classname="tests.test_pubgame_api.TestPlayerJoin" name="test_player_join_game" time="0.130" /><testcase classname="tests.test_pubgame_api.TestPlayerJoin" name="test_player_duplicate_name_rejected" time="0.168" /><testcase classname="tests.test_pubgame_api.TestPlayerJoin" name="test_get_players" time="0.196" /><testcase classname="tests.test_pubgame_api.TestPlayerJoin" name="test_get_leaderboard" time="0.131" /><testcase classname="tests.test_pubgame_api.TestGamePacksCRUD" name="test_get_all_game_packs" time="0.035" /><testcase classname="tests.test_pubgame_api.TestGamePacksCRUD" name="test_create_game_pack" time="0.096" /><testcase classname="tests.test_pubgame_api.TestGamePacksCRUD" name="test_create_survey_says_pack" time="0.104" /><testcase classname="tests.test_pubgame_api.TestGamePacksCRUD" name="test_get_game_pack_by_id" time="0.093" /><testcase classname="tests.test_pubgame_api.TestGamePacksCRUD" name="test_delete_game_pack" time="0.094" /><testcase classname="tests.test_pubgame_api.TestGameContentLoading" name="test_load_pack_into_game" time="0.225" /><testcase classname="tests.test_pubgame_api.TestExistingData" name="test_existing_game_exists" time="0.034" /><testcase classname="tests.test_pubgame_api.TestExistingData" name="test_existing_pack_exists" time="0.031" /></testsuite></testsuites>